<?xml version="1.0" encoding="UTF-8"?>
<!-- Generated by org.testng.reporters.JUnitReportReporter -->
<testsuite name="test.BasicsOfRestAssured" tests="1" time="3.570" ignored="1" failures="0" timestamp="15 Feb 2020 06:31:55 GMT" skipped="0" hostname="DESKTOP-DU9E76U" errors="0">
  <testcase name="TestErgast" time="3.570" classname="test.BasicsOfRestAssured"/>
  <testcase name="TestF1" classname="test.BasicsOfRestAssured">
    <skipped/>
  </testcase> <!-- TestF1 -->
</testsuite> <!-- test.BasicsOfRestAssured -->
